Using pre-set license
Built from '2020.3/staging' branch; Version is '2020.3.11f1 (99c7afb366b3) revision 10078127'; Using compiler version '192528614'; Build Type 'Release'
OS: 'Windows 10 Home; OS build 19043.1889; Version 2009; 64bit' Language: 'en' Physical Memory: 15731 MB
BatchMode: 1, IsHumanControllingUs: 0, StartBugReporterOnCrash: 0, Is64bit: 1, IsPro: 0

 COMMAND LINE ARGUMENTS:
C:\Program Files\Unity\Hub\Editor\2019.4.20f1\Editor\Unity.exe
-adb2
-batchMode
-noUpm
-name
AssetImportWorker0
-projectPath
C:/Users/javic/OneDrive/Documentos/Game Development/CameraChallenge/Camera-Challenge/NPG-UPDATE
-logFile
Logs/AssetImportWorker0.log
-srvPort
55572
Successfully changed project path to: C:/Users/javic/OneDrive/Documentos/Game Development/CameraChallenge/Camera-Challenge/NPG-UPDATE
C:/Users/javic/OneDrive/Documentos/Game Development/CameraChallenge/Camera-Challenge/NPG-UPDATE
Using Asset Import Pipeline V2.
Refreshing native plugins compatible for Editor in 45.07 ms, found 3 plugins.
Preloading 0 native plugins for Editor in 0.00 ms.
Initialize engine version: 2020.3.11f1 (99c7afb366b3)
[Subsystems] Discovering subsystems at path C:/Program Files/Unity/Hub/Editor/2019.4.20f1/Editor/Data/Resources/UnitySubsystems
[Subsystems] Discovering subsystems at path C:/Users/javic/OneDrive/Documentos/Game Development/CameraChallenge/Camera-Challenge/NPG-UPDATE/Assets
GfxDevice: creating device client; threaded=0
Direct3D:
    Version:  Direct3D 11.0 [level 11.1]
    Renderer: NVIDIA GeForce RTX 2060 (ID=0x1f15)
    Vendor:   
    VRAM:     5980 MB
    Driver:   30.0.15.1278
Initialize mono
Mono path[0] = 'C:/Program Files/Unity/Hub/Editor/2019.4.20f1/Editor/Data/Managed'
Mono path[1] = 'C:/Program Files/Unity/Hub/Editor/2019.4.20f1/Editor/Data/MonoBleedingEdge/lib/mono/unityjit'
Mono config path = 'C:/Program Files/Unity/Hub/Editor/2019.4.20f1/Editor/Data/MonoBleedingEdge/etc'
Using monoOptions --debugger-agent=transport=dt_socket,embedding=1,server=y,suspend=n,address=127.0.0.1:56996
Begin MonoManager ReloadAssembly
Registering precompiled unity dll's ...
Register platform support module: C:/Program Files/Unity/Hub/Editor/2019.4.20f1/Editor/Data/PlaybackEngines/WindowsStandaloneSupport/UnityEditor.WindowsStandalone.Extensions.dll
Registered in 0.005836 seconds.
Native extension for WindowsStandalone target not found
Refreshing native plugins compatible for Editor in 39.41 ms, found 3 plugins.
Preloading 0 native plugins for Editor in 0.00 ms.
Mono: successfully reloaded assembly
- Completed reload, in  1.136 seconds
Platform modules already initialized, skipping
Registering precompiled user dll's ...
Registered in 0.010365 seconds.
Begin MonoManager ReloadAssembly
Native extension for WindowsStandalone target not found
Refreshing native plugins compatible for Editor in 39.34 ms, found 3 plugins.
Preloading 0 native plugins for Editor in 0.00 ms.
Mono: successfully reloaded assembly
- Completed reload, in  1.113 seconds
Platform modules already initialized, skipping
========================================================================
Worker process is ready to serve import requests
Launched and connected shader compiler UnityShaderCompiler.exe after 0.06 seconds
Refreshing native plugins compatible for Editor in 0.46 ms, found 3 plugins.
Preloading 0 native plugins for Editor in 0.00 ms.
Unloading 2137 Unused Serialized files (Serialized files now loaded: 0)
System memory in use before: 97.0 MB.
System memory in use after: 97.0 MB.

Unloading 35 unused Assets to reduce memory usage. Loaded Objects now: 2570.
Total: 2.716700 ms (FindLiveObjects: 0.272000 ms CreateObjectMapping: 0.094900 ms MarkObjects: 2.213800 ms  DeleteObjects: 0.133800 ms)

========================================================================
Received Import Request.
  path: Packages/com.unity.nuget.newtonsoft-json
  artifactKey: Guid(7e7d2b05dd6ea119ce16861d56d99a82) Importer(815301076,1909f56bfc062723c751e8b465ee728b)
Start importing Packages/com.unity.nuget.newtonsoft-json using Guid(7e7d2b05dd6ea119ce16861d56d99a82) Importer(815301076,1909f56bfc062723c751e8b465ee728b)  -> (artifact id: 'fa4b8fa352b752a3e644067b33aa63ec') in 0.009259 seconds
  Import took 0.012694 seconds .

========================================================================
Received Import Request.
  Time since last request: 6.421219 seconds.
  path: Assets/JsonDotNet/Documentation/Json Net for Unity 2.0.1.pdf
  artifactKey: Guid(4e7d9a07cc3f02a41a575406e7230846) Importer(815301076,1909f56bfc062723c751e8b465ee728b)
Start importing Assets/JsonDotNet/Documentation/Json Net for Unity 2.0.1.pdf using Guid(4e7d9a07cc3f02a41a575406e7230846) Importer(815301076,1909f56bfc062723c751e8b465ee728b)  -> (artifact id: '8b47cc66dc64de6d09f73b877c6b2bd9') in 0.034109 seconds
  Import took 0.037845 seconds .

========================================================================
Received Import Request.
  Time since last request: 3656.359376 seconds.
  path: Assets/JsonDotNet/Assemblies/Standalone
  artifactKey: Guid(01ef782d02bb1994dbe418b69432552b) Importer(815301076,1909f56bfc062723c751e8b465ee728b)
Start importing Assets/JsonDotNet/Assemblies/Standalone using Guid(01ef782d02bb1994dbe418b69432552b) Importer(815301076,1909f56bfc062723c751e8b465ee728b)  -> (artifact id: 'e9b45f83f208326c1c58c508100a0e45') in 0.023088 seconds
  Import took 0.040725 seconds .

========================================================================
Received Import Request.
  Time since last request: 9.666842 seconds.
  path: Assets/JsonDotNet/Assemblies/Windows
  artifactKey: Guid(1418141139a6ac443b18cb05c0643a29) Importer(815301076,1909f56bfc062723c751e8b465ee728b)
Start importing Assets/JsonDotNet/Assemblies/Windows using Guid(1418141139a6ac443b18cb05c0643a29) Importer(815301076,1909f56bfc062723c751e8b465ee728b)  -> (artifact id: '4b5b288a6035ee4867b1037185ff4a9b') in 0.027704 seconds
  Import took 0.045272 seconds .

========================================================================
Received Import Request.
  Time since last request: 1.016522 seconds.
  path: Assets/JsonDotNet/Assemblies/Windows/Newtonsoft.Json.XML
  artifactKey: Guid(36f7323c55864364d8bb88c736e4bca6) Importer(815301076,1909f56bfc062723c751e8b465ee728b)
Start importing Assets/JsonDotNet/Assemblies/Windows/Newtonsoft.Json.XML using Guid(36f7323c55864364d8bb88c736e4bca6) Importer(815301076,1909f56bfc062723c751e8b465ee728b)  -> (artifact id: '655a3f49e520bb6136f385662162565d') in 0.061435 seconds
  Import took 0.070667 seconds .

========================================================================
Received Import Request.
  Time since last request: 3824.905368 seconds.
  path: Assets/TotalJSON/Internal/Editor/window-icon.png
  artifactKey: Guid(7de077ad9b723ed40b5ae6d8a8320274) Importer(815301076,1909f56bfc062723c751e8b465ee728b)
Start importing Assets/TotalJSON/Internal/Editor/window-icon.png using Guid(7de077ad9b723ed40b5ae6d8a8320274) Importer(815301076,1909f56bfc062723c751e8b465ee728b)  -> (artifact id: 'be22c1dc0b5aefd435905eeb71b3129d') in 0.352197 seconds
  Import took 0.362916 seconds .

========================================================================
Received Import Request.
  Time since last request: 0.000659 seconds.
  path: Assets/TotalJSON/Internal/Editor
  artifactKey: Guid(9f2fdab21a6aeaf41956a4d04ddf4dd2) Importer(815301076,1909f56bfc062723c751e8b465ee728b)
Start importing Assets/TotalJSON/Internal/Editor using Guid(9f2fdab21a6aeaf41956a4d04ddf4dd2) Importer(815301076,1909f56bfc062723c751e8b465ee728b)  -> (artifact id: '89135705cd0008615b44b2cc62d6cfdd') in 0.032068 seconds
  Import took 0.042545 seconds .

========================================================================
Received Import Request.
  Time since last request: 9.177311 seconds.
  path: Assets/TotalJSON/Internal/CreateStringRunner.cs
  artifactKey: Guid(69184000601c75749b791c0d9be41e44) Importer(815301076,1909f56bfc062723c751e8b465ee728b)
Start importing Assets/TotalJSON/Internal/CreateStringRunner.cs using Guid(69184000601c75749b791c0d9be41e44) Importer(815301076,1909f56bfc062723c751e8b465ee728b)  -> (artifact id: '246df6a284d4c86eb96e633fc9995296') in 0.036050 seconds
  Import took 0.044252 seconds .

========================================================================
Received Import Request.
  Time since last request: 0.002382 seconds.
  path: Assets/TotalJSON/Internal/CreateStringRunner.cs
  artifactKey: Guid(69184000601c75749b791c0d9be41e44) Importer(815301076,1909f56bfc062723c751e8b465ee728b)
Start importing Assets/TotalJSON/Internal/CreateStringRunner.cs using Guid(69184000601c75749b791c0d9be41e44) Importer(815301076,1909f56bfc062723c751e8b465ee728b)  -> (artifact id: '246df6a284d4c86eb96e633fc9995296') in 0.019316 seconds
  Import took 0.028761 seconds .

========================================================================
Received Import Request.
  Time since last request: 0.625025 seconds.
  path: Assets/TotalJSON/Internal/InternalTools.cs
  artifactKey: Guid(0993856fabc941a488b888d8a2c47eeb) Importer(815301076,1909f56bfc062723c751e8b465ee728b)
Start importing Assets/TotalJSON/Internal/InternalTools.cs using Guid(0993856fabc941a488b888d8a2c47eeb) Importer(815301076,1909f56bfc062723c751e8b465ee728b)  -> (artifact id: 'f7e1cf33dc90c1510f472a8726a51a5d') in 0.028574 seconds
  Import took 0.046490 seconds .

========================================================================
Received Import Request.
  Time since last request: 0.750739 seconds.
  path: Assets/TotalJSON/Internal/JSONRuntimeDebugContainer.cs
  artifactKey: Guid(13a924cf4cad1d74197dc64bf37f9ca7) Importer(815301076,1909f56bfc062723c751e8b465ee728b)
Start importing Assets/TotalJSON/Internal/JSONRuntimeDebugContainer.cs using Guid(13a924cf4cad1d74197dc64bf37f9ca7) Importer(815301076,1909f56bfc062723c751e8b465ee728b)  -> (artifact id: '1be0b654267d7359107b9f01ecf3b8f3') in 0.028834 seconds
  Import took 0.045122 seconds .

========================================================================
Received Import Request.
  Time since last request: 0.003417 seconds.
  path: Assets/TotalJSON/Internal/JSONRuntimeDebugContainer.cs
  artifactKey: Guid(13a924cf4cad1d74197dc64bf37f9ca7) Importer(815301076,1909f56bfc062723c751e8b465ee728b)
Start importing Assets/TotalJSON/Internal/JSONRuntimeDebugContainer.cs using Guid(13a924cf4cad1d74197dc64bf37f9ca7) Importer(815301076,1909f56bfc062723c751e8b465ee728b)  -> (artifact id: '1be0b654267d7359107b9f01ecf3b8f3') in 0.018439 seconds
  Import took 0.028178 seconds .

========================================================================
Received Import Request.
  Time since last request: 0.750869 seconds.
  path: Assets/TotalJSON/Internal/ParseStringRunner.cs
  artifactKey: Guid(5eed20d76b51c3046ac7d57011b161d7) Importer(815301076,1909f56bfc062723c751e8b465ee728b)
Start importing Assets/TotalJSON/Internal/ParseStringRunner.cs using Guid(5eed20d76b51c3046ac7d57011b161d7) Importer(815301076,1909f56bfc062723c751e8b465ee728b)  -> (artifact id: '883d9d98ae3717bc81415d3c933fb430') in 0.024058 seconds
  Import took 0.034393 seconds .

========================================================================
Received Import Request.
  Time since last request: 0.005466 seconds.
  path: Assets/TotalJSON/Internal/ParseStringRunner.cs
  artifactKey: Guid(5eed20d76b51c3046ac7d57011b161d7) Importer(815301076,1909f56bfc062723c751e8b465ee728b)
Start importing Assets/TotalJSON/Internal/ParseStringRunner.cs using Guid(5eed20d76b51c3046ac7d57011b161d7) Importer(815301076,1909f56bfc062723c751e8b465ee728b)  -> (artifact id: '883d9d98ae3717bc81415d3c933fb430') in 0.020470 seconds
  Import took 0.030718 seconds .

========================================================================
Received Import Request.
  Time since last request: 6.663509 seconds.
  path: Assets/TotalJSON/Examples/ExampleSerializeObjects/ExamplePlayerItemObject.cs
  artifactKey: Guid(d9d112bdceb035647b1323e28992f074) Importer(815301076,1909f56bfc062723c751e8b465ee728b)
Start importing Assets/TotalJSON/Examples/ExampleSerializeObjects/ExamplePlayerItemObject.cs using Guid(d9d112bdceb035647b1323e28992f074) Importer(815301076,1909f56bfc062723c751e8b465ee728b)  -> (artifact id: '930d15d73b3d4d9b7e94ba09e10726c6') in 0.027658 seconds
  Import took 0.046144 seconds .

========================================================================
Received Import Request.
  Time since last request: 117.676801 seconds.
  path: Assets/TotalJSON/Examples/ExampleSerializeObjects/ExamplePlayerObject.cs
  artifactKey: Guid(e8144ad3b5c903e48ae14310f239aed3) Importer(815301076,1909f56bfc062723c751e8b465ee728b)
Start importing Assets/TotalJSON/Examples/ExampleSerializeObjects/ExamplePlayerObject.cs using Guid(e8144ad3b5c903e48ae14310f239aed3) Importer(815301076,1909f56bfc062723c751e8b465ee728b)  -> (artifact id: '2cfb25446efab9e21c4897f03dab8013') in 0.017421 seconds
  Import took 0.034187 seconds .

========================================================================
Received Import Request.
  Time since last request: 13.472419 seconds.
  path: Assets/TotalJSON/Scripts/Settings/DeserializeSettings.cs
  artifactKey: Guid(75df3196b7ff7f146a45b3bea4f17153) Importer(815301076,1909f56bfc062723c751e8b465ee728b)
Start importing Assets/TotalJSON/Scripts/Settings/DeserializeSettings.cs using Guid(75df3196b7ff7f146a45b3bea4f17153) Importer(815301076,1909f56bfc062723c751e8b465ee728b)  -> (artifact id: 'd09d4ad34174970aabe105f83424339b') in 0.020028 seconds
  Import took 0.028154 seconds .

========================================================================
Received Import Request.
  Time since last request: 0.001293 seconds.
  path: Assets/TotalJSON/Scripts/Settings/DeserializeSettings.cs
  artifactKey: Guid(75df3196b7ff7f146a45b3bea4f17153) Importer(815301076,1909f56bfc062723c751e8b465ee728b)
Start importing Assets/TotalJSON/Scripts/Settings/DeserializeSettings.cs using Guid(75df3196b7ff7f146a45b3bea4f17153) Importer(815301076,1909f56bfc062723c751e8b465ee728b)  -> (artifact id: 'd09d4ad34174970aabe105f83424339b') in 0.010480 seconds
  Import took 0.017357 seconds .

========================================================================
Received Prepare
Registering precompiled user dll's ...
Registered in 0.013779 seconds.
Begin MonoManager ReloadAssembly
Native extension for WindowsStandalone target not found
Refreshing native plugins compatible for Editor in 0.70 ms, found 3 plugins.
Preloading 0 native plugins for Editor in 0.00 ms.
Mono: successfully reloaded assembly
- Completed reload, in  2.606 seconds
Platform modules already initialized, skipping
Switching build target platform(19) subTarget(0) extendedPlatform(0) -> platform(13) subTarget(537395200) extendedPlatform(0)
Refreshing native plugins compatible for Editor in 0.62 ms, found 3 plugins.
Preloading 0 native plugins for Editor in 0.00 ms.
Unloading 2120 Unused Serialized files (Serialized files now loaded: 0)
System memory in use before: 98.5 MB.
System memory in use after: 98.4 MB.

Unloading 21 unused Assets to reduce memory usage. Loaded Objects now: 2580.
Total: 2.470000 ms (FindLiveObjects: 0.222100 ms CreateObjectMapping: 0.049100 ms MarkObjects: 2.097900 ms  DeleteObjects: 0.099400 ms)

AssetImportParameters requested are different than current active one (requested -> active):
  custom:graphics/normal-map-encoding: 01000000000000000000000000000000 -> 02000000000000000000000000000000
========================================================================
Received Prepare
Registering precompiled user dll's ...
Registered in 0.016474 seconds.
Begin MonoManager ReloadAssembly
Native extension for WindowsStandalone target not found
Refreshing native plugins compatible for Editor in 0.80 ms, found 3 plugins.
Preloading 0 native plugins for Editor in 0.00 ms.
Mono: successfully reloaded assembly
- Completed reload, in  2.223 seconds
Platform modules already initialized, skipping
Switching build target platform(19) subTarget(0) extendedPlatform(0) -> platform(13) subTarget(537395200) extendedPlatform(0)
Refreshing native plugins compatible for Editor in 0.59 ms, found 3 plugins.
Preloading 0 native plugins for Editor in 0.00 ms.
Unloading 2120 Unused Serialized files (Serialized files now loaded: 0)
System memory in use before: 98.5 MB.
System memory in use after: 98.5 MB.

Unloading 21 unused Assets to reduce memory usage. Loaded Objects now: 2584.
Total: 3.135800 ms (FindLiveObjects: 0.346700 ms CreateObjectMapping: 0.138600 ms MarkObjects: 2.512700 ms  DeleteObjects: 0.135300 ms)

AssetImportParameters requested are different than current active one (requested -> active):
  custom:graphics/normal-map-encoding: 01000000000000000000000000000000 -> 02000000000000000000000000000000
========================================================================
Received Import Request.
  Time since last request: 1906.919135 seconds.
  path: Assets/TotalJSON/Scripts/Exceptions/DeserializeException.cs
  artifactKey: Guid(d739cecfd5833dc42bd95ea1ee004e93) Importer(815301076,1909f56bfc062723c751e8b465ee728b)
Start importing Assets/TotalJSON/Scripts/Exceptions/DeserializeException.cs using Guid(d739cecfd5833dc42bd95ea1ee004e93) Importer(815301076,1909f56bfc062723c751e8b465ee728b)  -> (artifact id: 'a19184832a54cc32caaa96a3bb1beb3b') in 0.029880 seconds
  Import took 0.053877 seconds .

========================================================================
Received Prepare
Registering precompiled user dll's ...
Registered in 0.011264 seconds.
Begin MonoManager ReloadAssembly
Native extension for WindowsStandalone target not found
Refreshing native plugins compatible for Editor in 0.48 ms, found 3 plugins.
Preloading 0 native plugins for Editor in 0.00 ms.
Mono: successfully reloaded assembly
- Completed reload, in  1.074 seconds
Platform modules already initialized, skipping
Switching build target platform(19) subTarget(0) extendedPlatform(0) -> platform(13) subTarget(537395200) extendedPlatform(0)
Refreshing native plugins compatible for Editor in 0.47 ms, found 3 plugins.
Preloading 0 native plugins for Editor in 0.00 ms.
Unloading 2120 Unused Serialized files (Serialized files now loaded: 0)
System memory in use before: 98.5 MB.
System memory in use after: 98.5 MB.

Unloading 21 unused Assets to reduce memory usage. Loaded Objects now: 2588.
Total: 2.102200 ms (FindLiveObjects: 0.203400 ms CreateObjectMapping: 0.047800 ms MarkObjects: 1.738400 ms  DeleteObjects: 0.111700 ms)

AssetImportParameters requested are different than current active one (requested -> active):
  custom:graphics/normal-map-encoding: 01000000000000000000000000000000 -> 02000000000000000000000000000000
========================================================================
Received Prepare
Registering precompiled user dll's ...
Registered in 0.007688 seconds.
Begin MonoManager ReloadAssembly
Native extension for WindowsStandalone target not found
Refreshing native plugins compatible for Editor in 0.53 ms, found 3 plugins.
Preloading 0 native plugins for Editor in 0.00 ms.
Mono: successfully reloaded assembly
- Completed reload, in  1.106 seconds
Platform modules already initialized, skipping
Switching build target platform(19) subTarget(0) extendedPlatform(0) -> platform(13) subTarget(537395200) extendedPlatform(0)
Refreshing native plugins compatible for Editor in 0.45 ms, found 3 plugins.
Preloading 0 native plugins for Editor in 0.00 ms.
Unloading 2120 Unused Serialized files (Serialized files now loaded: 0)
System memory in use before: 98.6 MB.
System memory in use after: 98.5 MB.

Unloading 21 unused Assets to reduce memory usage. Loaded Objects now: 2592.
Total: 2.532100 ms (FindLiveObjects: 0.265900 ms CreateObjectMapping: 0.095700 ms MarkObjects: 2.058800 ms  DeleteObjects: 0.110200 ms)

AssetImportParameters requested are different than current active one (requested -> active):
  custom:graphics/normal-map-encoding: 01000000000000000000000000000000 -> 02000000000000000000000000000000
========================================================================
Received Prepare
Registering precompiled user dll's ...
Registered in 0.008572 seconds.
Begin MonoManager ReloadAssembly
Native extension for WindowsStandalone target not found
Refreshing native plugins compatible for Editor in 0.46 ms, found 3 plugins.
Preloading 0 native plugins for Editor in 0.00 ms.
Mono: successfully reloaded assembly
- Completed reload, in  1.130 seconds
Platform modules already initialized, skipping
Switching build target platform(19) subTarget(0) extendedPlatform(0) -> platform(13) subTarget(537395200) extendedPlatform(0)
Refreshing native plugins compatible for Editor in 0.46 ms, found 3 plugins.
Preloading 0 native plugins for Editor in 0.00 ms.
Unloading 2120 Unused Serialized files (Serialized files now loaded: 0)
System memory in use before: 98.6 MB.
System memory in use after: 98.5 MB.

Unloading 21 unused Assets to reduce memory usage. Loaded Objects now: 2596.
Total: 2.621300 ms (FindLiveObjects: 0.373700 ms CreateObjectMapping: 0.123300 ms MarkObjects: 2.011200 ms  DeleteObjects: 0.111100 ms)

AssetImportParameters requested are different than current active one (requested -> active):
  custom:graphics/normal-map-encoding: 01000000000000000000000000000000 -> 02000000000000000000000000000000
========================================================================
Received Prepare
Registering precompiled user dll's ...
Registered in 0.007810 seconds.
Begin MonoManager ReloadAssembly
Native extension for WindowsStandalone target not found
Refreshing native plugins compatible for Editor in 0.45 ms, found 3 plugins.
Preloading 0 native plugins for Editor in 0.00 ms.
Mono: successfully reloaded assembly
- Completed reload, in  1.160 seconds
Platform modules already initialized, skipping
Switching build target platform(19) subTarget(0) extendedPlatform(0) -> platform(13) subTarget(537395200) extendedPlatform(0)
Refreshing native plugins compatible for Editor in 0.45 ms, found 3 plugins.
Preloading 0 native plugins for Editor in 0.00 ms.
Unloading 2120 Unused Serialized files (Serialized files now loaded: 0)
System memory in use before: 98.6 MB.
System memory in use after: 98.6 MB.

Unloading 21 unused Assets to reduce memory usage. Loaded Objects now: 2600.
Total: 2.758800 ms (FindLiveObjects: 0.232400 ms CreateObjectMapping: 0.055000 ms MarkObjects: 2.361200 ms  DeleteObjects: 0.108900 ms)

AssetImportParameters requested are different than current active one (requested -> active):
  custom:graphics/normal-map-encoding: 01000000000000000000000000000000 -> 02000000000000000000000000000000
========================================================================
Received Prepare
Registering precompiled user dll's ...
Registered in 0.008073 seconds.
Begin MonoManager ReloadAssembly
Native extension for WindowsStandalone target not found
Refreshing native plugins compatible for Editor in 0.46 ms, found 3 plugins.
Preloading 0 native plugins for Editor in 0.00 ms.
Mono: successfully reloaded assembly
- Completed reload, in  1.148 seconds
Platform modules already initialized, skipping
Switching build target platform(19) subTarget(0) extendedPlatform(0) -> platform(13) subTarget(537395200) extendedPlatform(0)
Refreshing native plugins compatible for Editor in 0.45 ms, found 3 plugins.
Preloading 0 native plugins for Editor in 0.00 ms.
Unloading 2120 Unused Serialized files (Serialized files now loaded: 0)
System memory in use before: 98.6 MB.
System memory in use after: 98.6 MB.

Unloading 21 unused Assets to reduce memory usage. Loaded Objects now: 2604.
Total: 2.890800 ms (FindLiveObjects: 0.353700 ms CreateObjectMapping: 0.133200 ms MarkObjects: 2.289500 ms  DeleteObjects: 0.112600 ms)

AssetImportParameters requested are different than current active one (requested -> active):
  custom:graphics/normal-map-encoding: 01000000000000000000000000000000 -> 02000000000000000000000000000000
========================================================================
Received Prepare
Registering precompiled user dll's ...
Registered in 0.007577 seconds.
Begin MonoManager ReloadAssembly
Native extension for WindowsStandalone target not found
Refreshing native plugins compatible for Editor in 0.45 ms, found 3 plugins.
Preloading 0 native plugins for Editor in 0.00 ms.
Mono: successfully reloaded assembly
- Completed reload, in  1.173 seconds
Platform modules already initialized, skipping
Switching build target platform(19) subTarget(0) extendedPlatform(0) -> platform(13) subTarget(537395200) extendedPlatform(0)
Refreshing native plugins compatible for Editor in 0.46 ms, found 3 plugins.
Preloading 0 native plugins for Editor in 0.00 ms.
Unloading 2120 Unused Serialized files (Serialized files now loaded: 0)
System memory in use before: 98.6 MB.
System memory in use after: 98.6 MB.

Unloading 21 unused Assets to reduce memory usage. Loaded Objects now: 2608.
Total: 2.719800 ms (FindLiveObjects: 0.329500 ms CreateObjectMapping: 0.133100 ms MarkObjects: 2.143300 ms  DeleteObjects: 0.112000 ms)

AssetImportParameters requested are different than current active one (requested -> active):
  custom:graphics/normal-map-encoding: 01000000000000000000000000000000 -> 02000000000000000000000000000000
========================================================================
Received Prepare
Registering precompiled user dll's ...
Registered in 0.007604 seconds.
Begin MonoManager ReloadAssembly
Native extension for WindowsStandalone target not found
Refreshing native plugins compatible for Editor in 0.46 ms, found 3 plugins.
Preloading 0 native plugins for Editor in 0.00 ms.
Mono: successfully reloaded assembly
- Completed reload, in  1.174 seconds
Platform modules already initialized, skipping
Switching build target platform(19) subTarget(0) extendedPlatform(0) -> platform(13) subTarget(537395200) extendedPlatform(0)
Refreshing native plugins compatible for Editor in 0.46 ms, found 3 plugins.
Preloading 0 native plugins for Editor in 0.00 ms.
Unloading 2120 Unused Serialized files (Serialized files now loaded: 0)
System memory in use before: 98.6 MB.
System memory in use after: 98.6 MB.

Unloading 21 unused Assets to reduce memory usage. Loaded Objects now: 2612.
Total: 2.195600 ms (FindLiveObjects: 0.277400 ms CreateObjectMapping: 0.071900 ms MarkObjects: 1.735600 ms  DeleteObjects: 0.109100 ms)

AssetImportParameters requested are different than current active one (requested -> active):
  custom:graphics/normal-map-encoding: 01000000000000000000000000000000 -> 02000000000000000000000000000000
========================================================================
Received Prepare
Registering precompiled user dll's ...
Registered in 0.007613 seconds.
Begin MonoManager ReloadAssembly
Native extension for WindowsStandalone target not found
Refreshing native plugins compatible for Editor in 0.47 ms, found 3 plugins.
Preloading 0 native plugins for Editor in 0.00 ms.
Mono: successfully reloaded assembly
- Completed reload, in  1.232 seconds
Platform modules already initialized, skipping
Switching build target platform(19) subTarget(0) extendedPlatform(0) -> platform(13) subTarget(537395200) extendedPlatform(0)
Refreshing native plugins compatible for Editor in 0.47 ms, found 3 plugins.
Preloading 0 native plugins for Editor in 0.00 ms.
Unloading 2120 Unused Serialized files (Serialized files now loaded: 0)
System memory in use before: 98.6 MB.
System memory in use after: 98.6 MB.

Unloading 21 unused Assets to reduce memory usage. Loaded Objects now: 2616.
Total: 2.810200 ms (FindLiveObjects: 0.299100 ms CreateObjectMapping: 0.097100 ms MarkObjects: 2.296300 ms  DeleteObjects: 0.116000 ms)

AssetImportParameters requested are different than current active one (requested -> active):
  custom:graphics/normal-map-encoding: 01000000000000000000000000000000 -> 02000000000000000000000000000000
========================================================================
Received Prepare
Registering precompiled user dll's ...
Registered in 0.008941 seconds.
Begin MonoManager ReloadAssembly
Native extension for WindowsStandalone target not found
Refreshing native plugins compatible for Editor in 0.48 ms, found 3 plugins.
Preloading 0 native plugins for Editor in 0.00 ms.
Mono: successfully reloaded assembly
- Completed reload, in  1.251 seconds
Platform modules already initialized, skipping
Switching build target platform(19) subTarget(0) extendedPlatform(0) -> platform(13) subTarget(537395200) extendedPlatform(0)
Refreshing native plugins compatible for Editor in 0.46 ms, found 3 plugins.
Preloading 0 native plugins for Editor in 0.00 ms.
Unloading 2120 Unused Serialized files (Serialized files now loaded: 0)
System memory in use before: 98.6 MB.
System memory in use after: 98.6 MB.

Unloading 21 unused Assets to reduce memory usage. Loaded Objects now: 2620.
Total: 2.217300 ms (FindLiveObjects: 0.286700 ms CreateObjectMapping: 0.089200 ms MarkObjects: 1.724900 ms  DeleteObjects: 0.114900 ms)

AssetImportParameters requested are different than current active one (requested -> active):
  custom:graphics/normal-map-encoding: 01000000000000000000000000000000 -> 02000000000000000000000000000000
========================================================================
Received Import Request.
  Time since last request: 65883.296585 seconds.
  path: Assets/Sprites/IMG-20220904-WA0001.jpg
  artifactKey: Guid(f73e11c43f32a874fae282a7e220eaaf) Importer(815301076,1909f56bfc062723c751e8b465ee728b)
Start importing Assets/Sprites/IMG-20220904-WA0001.jpg using Guid(f73e11c43f32a874fae282a7e220eaaf) Importer(815301076,1909f56bfc062723c751e8b465ee728b)  -> (artifact id: '7153d0fdcdcbada174e7c34222ff09af') in 0.139656 seconds
  Import took 0.147948 seconds .

========================================================================
Received Prepare
Registering precompiled user dll's ...
Registered in 0.016435 seconds.
Begin MonoManager ReloadAssembly
Native extension for WindowsStandalone target not found
Refreshing native plugins compatible for Editor in 0.61 ms, found 3 plugins.
Preloading 0 native plugins for Editor in 0.00 ms.
Mono: successfully reloaded assembly
- Completed reload, in  2.431 seconds
Platform modules already initialized, skipping
Switching build target platform(19) subTarget(0) extendedPlatform(0) -> platform(13) subTarget(537395200) extendedPlatform(0)
Refreshing native plugins compatible for Editor in 0.62 ms, found 3 plugins.
Preloading 0 native plugins for Editor in 0.00 ms.
Unloading 2120 Unused Serialized files (Serialized files now loaded: 0)
System memory in use before: 98.6 MB.
System memory in use after: 98.6 MB.

Unloading 21 unused Assets to reduce memory usage. Loaded Objects now: 2627.
Total: 3.473800 ms (FindLiveObjects: 0.262000 ms CreateObjectMapping: 0.124200 ms MarkObjects: 2.938100 ms  DeleteObjects: 0.147400 ms)

AssetImportParameters requested are different than current active one (requested -> active):
  custom:graphics/normal-map-encoding: 01000000000000000000000000000000 -> 02000000000000000000000000000000
========================================================================
Received Prepare
Registering precompiled user dll's ...
Registered in 0.008388 seconds.
Begin MonoManager ReloadAssembly
Native extension for WindowsStandalone target not found
Refreshing native plugins compatible for Editor in 0.49 ms, found 3 plugins.
Preloading 0 native plugins for Editor in 0.00 ms.
Mono: successfully reloaded assembly
- Completed reload, in  1.347 seconds
Platform modules already initialized, skipping
Switching build target platform(19) subTarget(0) extendedPlatform(0) -> platform(13) subTarget(537395200) extendedPlatform(0)
Refreshing native plugins compatible for Editor in 0.46 ms, found 3 plugins.
Preloading 0 native plugins for Editor in 0.00 ms.
Unloading 2120 Unused Serialized files (Serialized files now loaded: 0)
System memory in use before: 98.6 MB.
System memory in use after: 98.6 MB.

Unloading 21 unused Assets to reduce memory usage. Loaded Objects now: 2631.
Total: 2.227700 ms (FindLiveObjects: 0.232200 ms CreateObjectMapping: 0.052700 ms MarkObjects: 1.825900 ms  DeleteObjects: 0.115400 ms)

AssetImportParameters requested are different than current active one (requested -> active):
  custom:graphics/normal-map-encoding: 01000000000000000000000000000000 -> 02000000000000000000000000000000
========================================================================
Received Import Request.
  Time since last request: 14051.322837 seconds.
  path: Assets/Sprites/WhatsApp Image 2022-09-04 at 2.56.23 PM.jpeg
  artifactKey: Guid(4f59fbb73cab57646acd3e6dd7048a84) Importer(815301076,1909f56bfc062723c751e8b465ee728b)
Start importing Assets/Sprites/WhatsApp Image 2022-09-04 at 2.56.23 PM.jpeg using Guid(4f59fbb73cab57646acd3e6dd7048a84) Importer(815301076,1909f56bfc062723c751e8b465ee728b)  -> (artifact id: '66ab10e3a825ae0ec76687458d403614') in 0.076180 seconds
  Import took 0.079808 seconds .

========================================================================
Received Import Request.
  Time since last request: 208.350220 seconds.
  path: ProjectSettings/TagManager.asset
  artifactKey: Guid(00000000000000003000000000000000) Importer(815301076,1909f56bfc062723c751e8b465ee728b)
Start importing ProjectSettings/TagManager.asset using Guid(00000000000000003000000000000000) Importer(815301076,1909f56bfc062723c751e8b465ee728b)  -> (artifact id: '2fc09a6ba17f4171d98ae28c38d974db') in 0.008524 seconds
  Import took 0.012459 seconds .

========================================================================
Received Import Request.
  Time since last request: 632.192099 seconds.
  path: ProjectSettings/TagManager.asset
  artifactKey: Guid(00000000000000003000000000000000) Importer(815301076,1909f56bfc062723c751e8b465ee728b)
Start importing ProjectSettings/TagManager.asset using Guid(00000000000000003000000000000000) Importer(815301076,1909f56bfc062723c751e8b465ee728b)  -> (artifact id: '026db9a0f972ec222e13889b053bc0b3') in 0.005917 seconds
  Import took 0.017982 seconds .

========================================================================
Received Import Request.
  Time since last request: 0.005848 seconds.
  path: ProjectSettings/TagManager.asset
  artifactKey: Guid(00000000000000003000000000000000) Importer(815301076,1909f56bfc062723c751e8b465ee728b)
Start importing ProjectSettings/TagManager.asset using Guid(00000000000000003000000000000000) Importer(815301076,1909f56bfc062723c751e8b465ee728b)  -> (artifact id: '026db9a0f972ec222e13889b053bc0b3') in 0.006954 seconds
  Import took 0.010541 seconds .

========================================================================
Received Prepare
Registering precompiled user dll's ...
Registered in 0.007586 seconds.
Begin MonoManager ReloadAssembly
Native extension for WindowsStandalone target not found
Refreshing native plugins compatible for Editor in 0.49 ms, found 3 plugins.
Preloading 0 native plugins for Editor in 0.00 ms.
Mono: successfully reloaded assembly
- Completed reload, in  1.260 seconds
Platform modules already initialized, skipping
Switching build target platform(19) subTarget(0) extendedPlatform(0) -> platform(13) subTarget(537395200) extendedPlatform(0)
Refreshing native plugins compatible for Editor in 0.45 ms, found 3 plugins.
Preloading 0 native plugins for Editor in 0.00 ms.
Unloading 2120 Unused Serialized files (Serialized files now loaded: 0)
System memory in use before: 98.7 MB.
System memory in use after: 98.7 MB.

Unloading 24 unused Assets to reduce memory usage. Loaded Objects now: 2638.
Total: 3.064200 ms (FindLiveObjects: 0.213200 ms CreateObjectMapping: 0.084000 ms MarkObjects: 2.650400 ms  DeleteObjects: 0.115200 ms)

AssetImportParameters requested are different than current active one (requested -> active):
  custom:graphics/normal-map-encoding: 01000000000000000000000000000000 -> 02000000000000000000000000000000
========================================================================
Received Prepare
Registering precompiled user dll's ...
Registered in 0.008067 seconds.
Begin MonoManager ReloadAssembly
Native extension for WindowsStandalone target not found
Refreshing native plugins compatible for Editor in 0.71 ms, found 3 plugins.
Preloading 0 native plugins for Editor in 0.00 ms.
Mono: successfully reloaded assembly
- Completed reload, in  1.509 seconds
Platform modules already initialized, skipping
Switching build target platform(19) subTarget(0) extendedPlatform(0) -> platform(13) subTarget(537395200) extendedPlatform(0)
Refreshing native plugins compatible for Editor in 0.59 ms, found 3 plugins.
Preloading 0 native plugins for Editor in 0.00 ms.
Unloading 2120 Unused Serialized files (Serialized files now loaded: 0)
System memory in use before: 98.7 MB.
System memory in use after: 98.7 MB.

Unloading 21 unused Assets to reduce memory usage. Loaded Objects now: 2642.
Total: 2.656700 ms (FindLiveObjects: 0.233100 ms CreateObjectMapping: 0.076200 ms MarkObjects: 2.228700 ms  DeleteObjects: 0.117200 ms)

AssetImportParameters requested are different than current active one (requested -> active):
  custom:graphics/normal-map-encoding: 01000000000000000000000000000000 -> 02000000000000000000000000000000
========================================================================
Received Import Request.
  Time since last request: 13253.803880 seconds.
  path: Assets/Sprites/ZZ_009_ ((RGB)).png
  artifactKey: Guid(dd49d09b8cc226240af542a5ddb3f09b) Importer(815301076,1909f56bfc062723c751e8b465ee728b)
Start importing Assets/Sprites/ZZ_009_ ((RGB)).png using Guid(dd49d09b8cc226240af542a5ddb3f09b) Importer(815301076,1909f56bfc062723c751e8b465ee728b)  -> (artifact id: 'aa096a4ccdc769c326cc698d413a812b') in 0.067179 seconds
  Import took 0.071709 seconds .

========================================================================
Received Import Request.
  Time since last request: 38981.855440 seconds.
  path: Assets/Sprites/ZZ_004_.png
  artifactKey: Guid(a90ae774de442c7458f18bc22baf50e9) Importer(815301076,1909f56bfc062723c751e8b465ee728b)
Start importing Assets/Sprites/ZZ_004_.png using Guid(a90ae774de442c7458f18bc22baf50e9) Importer(815301076,1909f56bfc062723c751e8b465ee728b)  -> (artifact id: '41233e0004619ec0bbca312d569bf14c') in 0.133552 seconds
  Import took 0.141934 seconds .

========================================================================
Received Import Request.
  Time since last request: 1334.503477 seconds.
  path: Assets/Fonts/1 Punk SDF.asset
  artifactKey: Guid(2b6f23fe69da5b1418bdac6f8a0b288c) Importer(815301076,1909f56bfc062723c751e8b465ee728b)
Start importing Assets/Fonts/1 Punk SDF.asset using Guid(2b6f23fe69da5b1418bdac6f8a0b288c) Importer(815301076,1909f56bfc062723c751e8b465ee728b)  -> (artifact id: 'ef090b9def4d048cb918ed4ad569a72b') in 0.343102 seconds
  Import took 0.350930 seconds .

========================================================================
Received Import Request.
  Time since last request: 390.592776 seconds.
  path: Assets/Sprites/U_005_[Weapon]_Rocket_Launcher_((RGB)).png
  artifactKey: Guid(cebdc1e0cfd373b4db3a6cb557c91fa5) Importer(815301076,1909f56bfc062723c751e8b465ee728b)
Start importing Assets/Sprites/U_005_[Weapon]_Rocket_Launcher_((RGB)).png using Guid(cebdc1e0cfd373b4db3a6cb557c91fa5) Importer(815301076,1909f56bfc062723c751e8b465ee728b)  -> (artifact id: '1f576df250d29f674809a451c29e36ce') in 0.050682 seconds
  Import took 0.058203 seconds .

========================================================================
Received Prepare
Registering precompiled user dll's ...
Registered in 0.017980 seconds.
Begin MonoManager ReloadAssembly
Native extension for WindowsStandalone target not found
Refreshing native plugins compatible for Editor in 0.54 ms, found 3 plugins.
Preloading 0 native plugins for Editor in 0.00 ms.
Mono: successfully reloaded assembly
- Completed reload, in  2.185 seconds
Platform modules already initialized, skipping
Switching build target platform(19) subTarget(0) extendedPlatform(0) -> platform(13) subTarget(537395200) extendedPlatform(0)
Refreshing native plugins compatible for Editor in 0.45 ms, found 3 plugins.
Preloading 0 native plugins for Editor in 0.00 ms.
Unloading 2120 Unused Serialized files (Serialized files now loaded: 0)
System memory in use before: 99.0 MB.
System memory in use after: 99.0 MB.

Unloading 21 unused Assets to reduce memory usage. Loaded Objects now: 2688.
Total: 2.212700 ms (FindLiveObjects: 0.253500 ms CreateObjectMapping: 0.051100 ms MarkObjects: 1.791400 ms  DeleteObjects: 0.114800 ms)

AssetImportParameters requested are different than current active one (requested -> active):
  custom:graphics/normal-map-encoding: 01000000000000000000000000000000 -> 02000000000000000000000000000000
========================================================================
Received Prepare
Registering precompiled user dll's ...
Registered in 0.013499 seconds.
Begin MonoManager ReloadAssembly
Native extension for WindowsStandalone target not found
Refreshing native plugins compatible for Editor in 1.16 ms, found 3 plugins.
Preloading 0 native plugins for Editor in 0.00 ms.
Mono: successfully reloaded assembly
- Completed reload, in  3.366 seconds
Platform modules already initialized, skipping
Switching build target platform(19) subTarget(0) extendedPlatform(0) -> platform(13) subTarget(537395200) extendedPlatform(0)
Refreshing native plugins compatible for Editor in 0.68 ms, found 3 plugins.
Preloading 0 native plugins for Editor in 0.00 ms.
Unloading 2120 Unused Serialized files (Serialized files now loaded: 0)
System memory in use before: 99.0 MB.
System memory in use after: 99.0 MB.

Unloading 21 unused Assets to reduce memory usage. Loaded Objects now: 2692.
Total: 3.236500 ms (FindLiveObjects: 0.395100 ms CreateObjectMapping: 0.108300 ms MarkObjects: 2.585900 ms  DeleteObjects: 0.144600 ms)

AssetImportParameters requested are different than current active one (requested -> active):
  custom:graphics/normal-map-encoding: 01000000000000000000000000000000 -> 02000000000000000000000000000000
========================================================================
Received Prepare
Registering precompiled user dll's ...
Registered in 0.013637 seconds.
Begin MonoManager ReloadAssembly
Native extension for WindowsStandalone target not found
Refreshing native plugins compatible for Editor in 0.79 ms, found 3 plugins.
Preloading 0 native plugins for Editor in 0.00 ms.
Mono: successfully reloaded assembly
- Completed reload, in  2.919 seconds
Platform modules already initialized, skipping
Switching build target platform(19) subTarget(0) extendedPlatform(0) -> platform(13) subTarget(537395200) extendedPlatform(0)
Refreshing native plugins compatible for Editor in 0.61 ms, found 3 plugins.
Preloading 0 native plugins for Editor in 0.00 ms.
Unloading 2120 Unused Serialized files (Serialized files now loaded: 0)
System memory in use before: 99.0 MB.
System memory in use after: 99.0 MB.

Unloading 21 unused Assets to reduce memory usage. Loaded Objects now: 2696.
Total: 4.051200 ms (FindLiveObjects: 0.371600 ms CreateObjectMapping: 0.133700 ms MarkObjects: 3.396600 ms  DeleteObjects: 0.146600 ms)

AssetImportParameters requested are different than current active one (requested -> active):
  custom:graphics/normal-map-encoding: 01000000000000000000000000000000 -> 02000000000000000000000000000000
========================================================================
Received Prepare
Registering precompiled user dll's ...
Registered in 0.013069 seconds.
Begin MonoManager ReloadAssembly
Native extension for WindowsStandalone target not found
Refreshing native plugins compatible for Editor in 1.19 ms, found 3 plugins.
Preloading 0 native plugins for Editor in 0.00 ms.
Mono: successfully reloaded assembly
- Completed reload, in  2.791 seconds
Platform modules already initialized, skipping
Switching build target platform(19) subTarget(0) extendedPlatform(0) -> platform(13) subTarget(537395200) extendedPlatform(0)
Refreshing native plugins compatible for Editor in 0.46 ms, found 3 plugins.
Preloading 0 native plugins for Editor in 0.00 ms.
Unloading 2120 Unused Serialized files (Serialized files now loaded: 0)
System memory in use before: 99.0 MB.
System memory in use after: 99.0 MB.

Unloading 21 unused Assets to reduce memory usage. Loaded Objects now: 2700.
Total: 3.220900 ms (FindLiveObjects: 0.270800 ms CreateObjectMapping: 0.055400 ms MarkObjects: 2.727400 ms  DeleteObjects: 0.165400 ms)

AssetImportParameters requested are different than current active one (requested -> active):
  custom:graphics/normal-map-encoding: 01000000000000000000000000000000 -> 02000000000000000000000000000000
========================================================================
Received Prepare
Registering precompiled user dll's ...
Registered in 0.017063 seconds.
Begin MonoManager ReloadAssembly
Native extension for WindowsStandalone target not found
Refreshing native plugins compatible for Editor in 0.65 ms, found 3 plugins.
Preloading 0 native plugins for Editor in 0.00 ms.
Mono: successfully reloaded assembly
- Completed reload, in  2.678 seconds
Platform modules already initialized, skipping
Switching build target platform(19) subTarget(0) extendedPlatform(0) -> platform(13) subTarget(537395200) extendedPlatform(0)
Refreshing native plugins compatible for Editor in 0.63 ms, found 3 plugins.
Preloading 0 native plugins for Editor in 0.00 ms.
Unloading 2120 Unused Serialized files (Serialized files now loaded: 0)
System memory in use before: 99.1 MB.
System memory in use after: 99.1 MB.

Unloading 21 unused Assets to reduce memory usage. Loaded Objects now: 2704.
Total: 3.513500 ms (FindLiveObjects: 0.329400 ms CreateObjectMapping: 0.080000 ms MarkObjects: 2.914600 ms  DeleteObjects: 0.186600 ms)

AssetImportParameters requested are different than current active one (requested -> active):
  custom:graphics/normal-map-encoding: 01000000000000000000000000000000 -> 02000000000000000000000000000000
========================================================================
Received Prepare
Registering precompiled user dll's ...
Registered in 0.015692 seconds.
Begin MonoManager ReloadAssembly
Native extension for WindowsStandalone target not found
Refreshing native plugins compatible for Editor in 0.61 ms, found 3 plugins.
Preloading 0 native plugins for Editor in 0.00 ms.
Mono: successfully reloaded assembly
- Completed reload, in  2.661 seconds
Platform modules already initialized, skipping
Switching build target platform(19) subTarget(0) extendedPlatform(0) -> platform(13) subTarget(537395200) extendedPlatform(0)
Refreshing native plugins compatible for Editor in 0.56 ms, found 3 plugins.
Preloading 0 native plugins for Editor in 0.00 ms.
Unloading 2120 Unused Serialized files (Serialized files now loaded: 0)
System memory in use before: 99.2 MB.
System memory in use after: 99.1 MB.

Unloading 21 unused Assets to reduce memory usage. Loaded Objects now: 2708.
Total: 2.866400 ms (FindLiveObjects: 0.344400 ms CreateObjectMapping: 0.094000 ms MarkObjects: 2.282400 ms  DeleteObjects: 0.144100 ms)

AssetImportParameters requested are different than current active one (requested -> active):
  custom:graphics/normal-map-encoding: 01000000000000000000000000000000 -> 02000000000000000000000000000000
========================================================================
Received Prepare
Registering precompiled user dll's ...
Registered in 0.015677 seconds.
Begin MonoManager ReloadAssembly
Native extension for WindowsStandalone target not found
Refreshing native plugins compatible for Editor in 1.13 ms, found 3 plugins.
Preloading 0 native plugins for Editor in 0.00 ms.
Mono: successfully reloaded assembly
- Completed reload, in  2.703 seconds
Platform modules already initialized, skipping
Switching build target platform(19) subTarget(0) extendedPlatform(0) -> platform(13) subTarget(537395200) extendedPlatform(0)
Refreshing native plugins compatible for Editor in 0.47 ms, found 3 plugins.
Preloading 0 native plugins for Editor in 0.00 ms.
Unloading 2120 Unused Serialized files (Serialized files now loaded: 0)
System memory in use before: 99.2 MB.
System memory in use after: 99.1 MB.

Unloading 21 unused Assets to reduce memory usage. Loaded Objects now: 2712.
Total: 3.105800 ms (FindLiveObjects: 0.305300 ms CreateObjectMapping: 0.088100 ms MarkObjects: 2.597000 ms  DeleteObjects: 0.113500 ms)

AssetImportParameters requested are different than current active one (requested -> active):
  custom:graphics/normal-map-encoding: 01000000000000000000000000000000 -> 02000000000000000000000000000000
========================================================================
Received Prepare
Registering precompiled user dll's ...
Registered in 0.014496 seconds.
Begin MonoManager ReloadAssembly
Native extension for WindowsStandalone target not found
Refreshing native plugins compatible for Editor in 0.93 ms, found 3 plugins.
Preloading 0 native plugins for Editor in 0.00 ms.
Mono: successfully reloaded assembly
- Completed reload, in  2.871 seconds
Platform modules already initialized, skipping
Switching build target platform(19) subTarget(0) extendedPlatform(0) -> platform(13) subTarget(537395200) extendedPlatform(0)
Refreshing native plugins compatible for Editor in 0.71 ms, found 3 plugins.
Preloading 0 native plugins for Editor in 0.00 ms.
Unloading 2120 Unused Serialized files (Serialized files now loaded: 0)
System memory in use before: 99.2 MB.
System memory in use after: 99.2 MB.

Unloading 21 unused Assets to reduce memory usage. Loaded Objects now: 2716.
Total: 4.391100 ms (FindLiveObjects: 0.560800 ms CreateObjectMapping: 0.151200 ms MarkObjects: 3.472300 ms  DeleteObjects: 0.204400 ms)

AssetImportParameters requested are different than current active one (requested -> active):
  custom:graphics/normal-map-encoding: 01000000000000000000000000000000 -> 02000000000000000000000000000000
========================================================================
Received Prepare
Registering precompiled user dll's ...
Registered in 0.012816 seconds.
Begin MonoManager ReloadAssembly
Native extension for WindowsStandalone target not found
Refreshing native plugins compatible for Editor in 0.60 ms, found 3 plugins.
Preloading 0 native plugins for Editor in 0.00 ms.
Mono: successfully reloaded assembly
- Completed reload, in  2.830 seconds
Platform modules already initialized, skipping
Switching build target platform(19) subTarget(0) extendedPlatform(0) -> platform(13) subTarget(537395200) extendedPlatform(0)
Refreshing native plugins compatible for Editor in 0.89 ms, found 3 plugins.
Preloading 0 native plugins for Editor in 0.00 ms.
Unloading 2120 Unused Serialized files (Serialized files now loaded: 0)
System memory in use before: 99.2 MB.
System memory in use after: 99.3 MB.

Unloading 21 unused Assets to reduce memory usage. Loaded Objects now: 2720.
Total: 4.405800 ms (FindLiveObjects: 0.529900 ms CreateObjectMapping: 0.197200 ms MarkObjects: 3.506600 ms  DeleteObjects: 0.169300 ms)

AssetImportParameters requested are different than current active one (requested -> active):
  custom:graphics/normal-map-encoding: 01000000000000000000000000000000 -> 02000000000000000000000000000000
========================================================================
Received Prepare
Registering precompiled user dll's ...
Registered in 0.011807 seconds.
Begin MonoManager ReloadAssembly
Native extension for WindowsStandalone target not found
Refreshing native plugins compatible for Editor in 0.92 ms, found 3 plugins.
Preloading 0 native plugins for Editor in 0.00 ms.
Mono: successfully reloaded assembly
- Completed reload, in  3.808 seconds
Platform modules already initialized, skipping
Switching build target platform(19) subTarget(0) extendedPlatform(0) -> platform(13) subTarget(537395200) extendedPlatform(0)
Refreshing native plugins compatible for Editor in 0.48 ms, found 3 plugins.
Preloading 0 native plugins for Editor in 0.00 ms.
Unloading 2120 Unused Serialized files (Serialized files now loaded: 0)
System memory in use before: 99.2 MB.
System memory in use after: 99.3 MB.

Unloading 21 unused Assets to reduce memory usage. Loaded Objects now: 2724.
Total: 4.624400 ms (FindLiveObjects: 0.319700 ms CreateObjectMapping: 0.114700 ms MarkObjects: 4.069300 ms  DeleteObjects: 0.119000 ms)

AssetImportParameters requested are different than current active one (requested -> active):
  custom:graphics/normal-map-encoding: 01000000000000000000000000000000 -> 02000000000000000000000000000000
========================================================================
Received Prepare
Registering precompiled user dll's ...
Registered in 0.012977 seconds.
Begin MonoManager ReloadAssembly
Native extension for WindowsStandalone target not found
Refreshing native plugins compatible for Editor in 0.92 ms, found 3 plugins.
Preloading 0 native plugins for Editor in 0.00 ms.
Mono: successfully reloaded assembly
- Completed reload, in  2.235 seconds
Platform modules already initialized, skipping
Switching build target platform(19) subTarget(0) extendedPlatform(0) -> platform(13) subTarget(537395200) extendedPlatform(0)
Refreshing native plugins compatible for Editor in 0.46 ms, found 3 plugins.
Preloading 0 native plugins for Editor in 0.00 ms.
Unloading 2120 Unused Serialized files (Serialized files now loaded: 0)
System memory in use before: 99.2 MB.
System memory in use after: 99.3 MB.

Unloading 21 unused Assets to reduce memory usage. Loaded Objects now: 2728.
Total: 3.106100 ms (FindLiveObjects: 0.440800 ms CreateObjectMapping: 0.135100 ms MarkObjects: 2.411700 ms  DeleteObjects: 0.116300 ms)

AssetImportParameters requested are different than current active one (requested -> active):
  custom:graphics/normal-map-encoding: 01000000000000000000000000000000 -> 02000000000000000000000000000000
========================================================================
Received Prepare
Registering precompiled user dll's ...
Registered in 0.009801 seconds.
Begin MonoManager ReloadAssembly
Native extension for WindowsStandalone target not found
Refreshing native plugins compatible for Editor in 1.37 ms, found 3 plugins.
Preloading 0 native plugins for Editor in 0.00 ms.
Mono: successfully reloaded assembly
- Completed reload, in  2.326 seconds
Platform modules already initialized, skipping
Switching build target platform(19) subTarget(0) extendedPlatform(0) -> platform(13) subTarget(537395200) extendedPlatform(0)
Refreshing native plugins compatible for Editor in 0.84 ms, found 3 plugins.
Preloading 0 native plugins for Editor in 0.00 ms.
Unloading 2120 Unused Serialized files (Serialized files now loaded: 0)
System memory in use before: 99.2 MB.
System memory in use after: 99.3 MB.

Unloading 21 unused Assets to reduce memory usage. Loaded Objects now: 2732.
Total: 5.449100 ms (FindLiveObjects: 0.467200 ms CreateObjectMapping: 0.154700 ms MarkObjects: 4.605300 ms  DeleteObjects: 0.219400 ms)

AssetImportParameters requested are different than current active one (requested -> active):
  custom:graphics/normal-map-encoding: 01000000000000000000000000000000 -> 02000000000000000000000000000000
========================================================================
Received Prepare
Registering precompiled user dll's ...
Registered in 0.013098 seconds.
Begin MonoManager ReloadAssembly
Native extension for WindowsStandalone target not found
Refreshing native plugins compatible for Editor in 0.71 ms, found 3 plugins.
Preloading 0 native plugins for Editor in 0.00 ms.
Mono: successfully reloaded assembly
- Completed reload, in  2.867 seconds
Platform modules already initialized, skipping
Switching build target platform(19) subTarget(0) extendedPlatform(0) -> platform(13) subTarget(537395200) extendedPlatform(0)
Refreshing native plugins compatible for Editor in 0.76 ms, found 3 plugins.
Preloading 0 native plugins for Editor in 0.00 ms.
Unloading 2120 Unused Serialized files (Serialized files now loaded: 0)
System memory in use before: 99.2 MB.
System memory in use after: 99.3 MB.

Unloading 21 unused Assets to reduce memory usage. Loaded Objects now: 2736.
Total: 3.004800 ms (FindLiveObjects: 0.307200 ms CreateObjectMapping: 0.071800 ms MarkObjects: 2.504500 ms  DeleteObjects: 0.119100 ms)

AssetImportParameters requested are different than current active one (requested -> active):
  custom:graphics/normal-map-encoding: 01000000000000000000000000000000 -> 02000000000000000000000000000000
========================================================================
Received Prepare
Registering precompiled user dll's ...
Registered in 0.012072 seconds.
Begin MonoManager ReloadAssembly
Native extension for WindowsStandalone target not found
Refreshing native plugins compatible for Editor in 0.54 ms, found 3 plugins.
Preloading 0 native plugins for Editor in 0.00 ms.
Mono: successfully reloaded assembly
- Completed reload, in  2.416 seconds
Platform modules already initialized, skipping
Switching build target platform(19) subTarget(0) extendedPlatform(0) -> platform(13) subTarget(537395200) extendedPlatform(0)
Refreshing native plugins compatible for Editor in 0.50 ms, found 3 plugins.
Preloading 0 native plugins for Editor in 0.00 ms.
Unloading 2120 Unused Serialized files (Serialized files now loaded: 0)
System memory in use before: 99.2 MB.
System memory in use after: 99.3 MB.

Unloading 21 unused Assets to reduce memory usage. Loaded Objects now: 2740.
Total: 2.402800 ms (FindLiveObjects: 0.248400 ms CreateObjectMapping: 0.056200 ms MarkObjects: 1.972500 ms  DeleteObjects: 0.124400 ms)

AssetImportParameters requested are different than current active one (requested -> active):
  custom:graphics/normal-map-encoding: 01000000000000000000000000000000 -> 02000000000000000000000000000000
========================================================================
Received Import Request.
  Time since last request: 3653.897608 seconds.
  path: Assets/Sound/Power Up.mp3
  artifactKey: Guid(fb0f0634cc9b07a4983ee83ed1e479bc) Importer(815301076,1909f56bfc062723c751e8b465ee728b)
Start importing Assets/Sound/Power Up.mp3 using Guid(fb0f0634cc9b07a4983ee83ed1e479bc) Importer(815301076,1909f56bfc062723c751e8b465ee728b)  -> (artifact id: '45785a72520b8aa89027e7c40160680b') in 0.144032 seconds
  Import took 0.153088 seconds .

========================================================================
Received Import Request.
  Time since last request: 0.002641 seconds.
  path: Assets/Sound/Power Up.mp3
  artifactKey: Guid(fb0f0634cc9b07a4983ee83ed1e479bc) Importer(815301076,1909f56bfc062723c751e8b465ee728b)
Start importing Assets/Sound/Power Up.mp3 using Guid(fb0f0634cc9b07a4983ee83ed1e479bc) Importer(815301076,1909f56bfc062723c751e8b465ee728b)  -> (artifact id: '45785a72520b8aa89027e7c40160680b') in 0.037177 seconds
  Import took 0.045641 seconds .

========================================================================
Received Prepare
Registering precompiled user dll's ...
Registered in 0.008042 seconds.
Begin MonoManager ReloadAssembly
Native extension for WindowsStandalone target not found
Refreshing native plugins compatible for Editor in 1.14 ms, found 3 plugins.
Preloading 0 native plugins for Editor in 0.00 ms.
Mono: successfully reloaded assembly
- Completed reload, in  2.829 seconds
Platform modules already initialized, skipping
Switching build target platform(19) subTarget(0) extendedPlatform(0) -> platform(13) subTarget(537395200) extendedPlatform(0)
Refreshing native plugins compatible for Editor in 0.68 ms, found 3 plugins.
Preloading 0 native plugins for Editor in 0.00 ms.
Unloading 2120 Unused Serialized files (Serialized files now loaded: 0)
System memory in use before: 99.3 MB.
System memory in use after: 99.3 MB.

Unloading 21 unused Assets to reduce memory usage. Loaded Objects now: 2747.
Total: 3.831400 ms (FindLiveObjects: 0.317000 ms CreateObjectMapping: 0.101300 ms MarkObjects: 3.250300 ms  DeleteObjects: 0.160900 ms)

AssetImportParameters requested are different than current active one (requested -> active):
  custom:graphics/normal-map-encoding: 01000000000000000000000000000000 -> 02000000000000000000000000000000
========================================================================
Received Import Request.
  Time since last request: 74.339543 seconds.
  path: Assets/Scripts/SoundManager.cs
  artifactKey: Guid(e39fac69ecb34f049a9c7bd5115ee1f8) Importer(815301076,1909f56bfc062723c751e8b465ee728b)
Start importing Assets/Scripts/SoundManager.cs using Guid(e39fac69ecb34f049a9c7bd5115ee1f8) Importer(815301076,1909f56bfc062723c751e8b465ee728b)  -> (artifact id: 'cf434d55bee141f83e0caa1cf2e58757') in 0.054709 seconds
  Import took 0.066536 seconds .

========================================================================
Received Prepare
Registering precompiled user dll's ...
Registered in 0.015974 seconds.
Begin MonoManager ReloadAssembly
Native extension for WindowsStandalone target not found
Refreshing native plugins compatible for Editor in 0.47 ms, found 3 plugins.
Preloading 0 native plugins for Editor in 0.00 ms.
Mono: successfully reloaded assembly
- Completed reload, in  3.757 seconds
Platform modules already initialized, skipping
Switching build target platform(19) subTarget(0) extendedPlatform(0) -> platform(13) subTarget(537395200) extendedPlatform(0)
Refreshing native plugins compatible for Editor in 0.65 ms, found 3 plugins.
Preloading 0 native plugins for Editor in 0.00 ms.
Unloading 2121 Unused Serialized files (Serialized files now loaded: 0)
System memory in use before: 99.3 MB.
System memory in use after: 99.4 MB.

Unloading 21 unused Assets to reduce memory usage. Loaded Objects now: 2752.
Total: 4.289900 ms (FindLiveObjects: 0.333400 ms CreateObjectMapping: 0.097100 ms MarkObjects: 3.692500 ms  DeleteObjects: 0.164900 ms)

AssetImportParameters requested are different than current active one (requested -> active):
  custom:graphics/normal-map-encoding: 01000000000000000000000000000000 -> 02000000000000000000000000000000
========================================================================
Received Import Request.
  Time since last request: 21.553821 seconds.
  path: Assets/Scripts/SoundManager.cs
  artifactKey: Guid(e39fac69ecb34f049a9c7bd5115ee1f8) Importer(815301076,1909f56bfc062723c751e8b465ee728b)
Start importing Assets/Scripts/SoundManager.cs using Guid(e39fac69ecb34f049a9c7bd5115ee1f8) Importer(815301076,1909f56bfc062723c751e8b465ee728b)  -> (artifact id: '2ee0c7c5897be0c034693d68b880602d') in 0.013081 seconds
  Import took 0.027669 seconds .

========================================================================
Received Prepare
Registering precompiled user dll's ...
Registered in 0.012136 seconds.
Begin MonoManager ReloadAssembly
Native extension for WindowsStandalone target not found
Refreshing native plugins compatible for Editor in 0.64 ms, found 3 plugins.
Preloading 0 native plugins for Editor in 0.00 ms.
Mono: successfully reloaded assembly
- Completed reload, in  3.293 seconds
Platform modules already initialized, skipping
Switching build target platform(19) subTarget(0) extendedPlatform(0) -> platform(13) subTarget(537395200) extendedPlatform(0)
Refreshing native plugins compatible for Editor in 0.59 ms, found 3 plugins.
Preloading 0 native plugins for Editor in 0.00 ms.
Unloading 2121 Unused Serialized files (Serialized files now loaded: 0)
System memory in use before: 99.3 MB.
System memory in use after: 99.4 MB.

Unloading 21 unused Assets to reduce memory usage. Loaded Objects now: 2756.
Total: 3.560900 ms (FindLiveObjects: 0.425900 ms CreateObjectMapping: 0.139400 ms MarkObjects: 2.841300 ms  DeleteObjects: 0.151600 ms)

AssetImportParameters requested are different than current active one (requested -> active):
  custom:graphics/normal-map-encoding: 01000000000000000000000000000000 -> 02000000000000000000000000000000
========================================================================
Received Prepare
Registering precompiled user dll's ...
Registered in 0.012521 seconds.
Begin MonoManager ReloadAssembly
Native extension for WindowsStandalone target not found
Refreshing native plugins compatible for Editor in 0.91 ms, found 3 plugins.
Preloading 0 native plugins for Editor in 0.00 ms.
Mono: successfully reloaded assembly
- Completed reload, in  3.746 seconds
Platform modules already initialized, skipping
Switching build target platform(19) subTarget(0) extendedPlatform(0) -> platform(13) subTarget(537395200) extendedPlatform(0)
Refreshing native plugins compatible for Editor in 0.60 ms, found 3 plugins.
Preloading 0 native plugins for Editor in 0.00 ms.
Unloading 2121 Unused Serialized files (Serialized files now loaded: 0)
System memory in use before: 99.3 MB.
System memory in use after: 99.4 MB.

Unloading 21 unused Assets to reduce memory usage. Loaded Objects now: 2760.
Total: 5.420200 ms (FindLiveObjects: 0.388300 ms CreateObjectMapping: 0.088300 ms MarkObjects: 4.291200 ms  DeleteObjects: 0.648900 ms)

AssetImportParameters requested are different than current active one (requested -> active):
  custom:graphics/normal-map-encoding: 01000000000000000000000000000000 -> 02000000000000000000000000000000
========================================================================
Received Prepare
Registering precompiled user dll's ...
Registered in 0.013183 seconds.
Begin MonoManager ReloadAssembly
Native extension for WindowsStandalone target not found
Refreshing native plugins compatible for Editor in 0.60 ms, found 3 plugins.
Preloading 0 native plugins for Editor in 0.00 ms.
Mono: successfully reloaded assembly
- Completed reload, in  3.654 seconds
Platform modules already initialized, skipping
Switching build target platform(19) subTarget(0) extendedPlatform(0) -> platform(13) subTarget(537395200) extendedPlatform(0)
Refreshing native plugins compatible for Editor in 1.25 ms, found 3 plugins.
Preloading 0 native plugins for Editor in 0.00 ms.
Unloading 2121 Unused Serialized files (Serialized files now loaded: 0)
System memory in use before: 99.3 MB.
System memory in use after: 99.4 MB.

Unloading 21 unused Assets to reduce memory usage. Loaded Objects now: 2764.
Total: 4.548700 ms (FindLiveObjects: 1.081900 ms CreateObjectMapping: 0.202800 ms MarkObjects: 3.090700 ms  DeleteObjects: 0.169700 ms)

AssetImportParameters requested are different than current active one (requested -> active):
  custom:graphics/normal-map-encoding: 01000000000000000000000000000000 -> 02000000000000000000000000000000
========================================================================
Received Prepare
Registering precompiled user dll's ...
Registered in 0.012868 seconds.
Begin MonoManager ReloadAssembly
Native extension for WindowsStandalone target not found
Refreshing native plugins compatible for Editor in 0.63 ms, found 3 plugins.
Preloading 0 native plugins for Editor in 0.00 ms.
Mono: successfully reloaded assembly
- Completed reload, in  3.212 seconds
Platform modules already initialized, skipping
Switching build target platform(19) subTarget(0) extendedPlatform(0) -> platform(13) subTarget(537395200) extendedPlatform(0)
Refreshing native plugins compatible for Editor in 0.66 ms, found 3 plugins.
Preloading 0 native plugins for Editor in 0.00 ms.
Unloading 2121 Unused Serialized files (Serialized files now loaded: 0)
System memory in use before: 99.3 MB.
System memory in use after: 99.4 MB.

Unloading 21 unused Assets to reduce memory usage. Loaded Objects now: 2768.
Total: 4.522800 ms (FindLiveObjects: 0.911100 ms CreateObjectMapping: 0.278100 ms MarkObjects: 3.136400 ms  DeleteObjects: 0.194900 ms)

AssetImportParameters requested are different than current active one (requested -> active):
  custom:graphics/normal-map-encoding: 01000000000000000000000000000000 -> 02000000000000000000000000000000
========================================================================
Received Prepare
Registering precompiled user dll's ...
Registered in 0.014782 seconds.
Begin MonoManager ReloadAssembly
Native extension for WindowsStandalone target not found
Refreshing native plugins compatible for Editor in 0.62 ms, found 3 plugins.
Preloading 0 native plugins for Editor in 0.00 ms.
Mono: successfully reloaded assembly
- Completed reload, in  3.689 seconds
Platform modules already initialized, skipping
Switching build target platform(19) subTarget(0) extendedPlatform(0) -> platform(13) subTarget(537395200) extendedPlatform(0)
Refreshing native plugins compatible for Editor in 0.62 ms, found 3 plugins.
Preloading 0 native plugins for Editor in 0.00 ms.
Unloading 2121 Unused Serialized files (Serialized files now loaded: 0)
System memory in use before: 99.3 MB.
System memory in use after: 99.4 MB.

Unloading 21 unused Assets to reduce memory usage. Loaded Objects now: 2772.
Total: 4.447400 ms (FindLiveObjects: 0.312000 ms CreateObjectMapping: 0.092700 ms MarkObjects: 3.854000 ms  DeleteObjects: 0.186700 ms)

AssetImportParameters requested are different than current active one (requested -> active):
  custom:graphics/normal-map-encoding: 01000000000000000000000000000000 -> 02000000000000000000000000000000
========================================================================
Received Prepare
Registering precompiled user dll's ...
Registered in 0.019055 seconds.
Begin MonoManager ReloadAssembly
Native extension for WindowsStandalone target not found
Refreshing native plugins compatible for Editor in 1.65 ms, found 3 plugins.
Preloading 0 native plugins for Editor in 0.00 ms.
Mono: successfully reloaded assembly
- Completed reload, in  3.748 seconds
Platform modules already initialized, skipping
Switching build target platform(19) subTarget(0) extendedPlatform(0) -> platform(13) subTarget(537395200) extendedPlatform(0)
Refreshing native plugins compatible for Editor in 0.45 ms, found 3 plugins.
Preloading 0 native plugins for Editor in 0.00 ms.
Unloading 2121 Unused Serialized files (Serialized files now loaded: 0)
System memory in use before: 99.3 MB.
System memory in use after: 99.4 MB.

Unloading 21 unused Assets to reduce memory usage. Loaded Objects now: 2776.
Total: 2.307900 ms (FindLiveObjects: 0.252000 ms CreateObjectMapping: 0.052700 ms MarkObjects: 1.882800 ms  DeleteObjects: 0.118900 ms)

AssetImportParameters requested are different than current active one (requested -> active):
  custom:graphics/normal-map-encoding: 01000000000000000000000000000000 -> 02000000000000000000000000000000
========================================================================
Received Prepare
Trying to reload asset but can't find object on disk

Trying to reload asset but can't find object on disk

Trying to reload asset but can't find object on disk

Trying to reload asset but can't find object on disk

Trying to reload asset but can't find object on disk

Trying to reload asset but can't find object on disk

Trying to reload asset but can't find object on disk

Trying to reload asset but can't find object on disk

Trying to reload asset but can't find object on disk

Trying to reload asset but can't find object on disk

Trying to reload asset but can't find object on disk

Trying to reload asset but can't find object on disk

Trying to reload asset but can't find object on disk

Trying to reload asset but can't find object on disk

Trying to reload asset but can't find object on disk

Trying to reload asset but can't find object on disk

Trying to reload asset but can't find object on disk

Registering precompiled user dll's ...
Registered in 0.011953 seconds.
Begin MonoManager ReloadAssembly
Native extension for WindowsStandalone target not found
Refreshing native plugins compatible for Editor in 31.45 ms, found 2 plugins.
Preloading 0 native plugins for Editor in 0.00 ms.
Mono: successfully reloaded assembly
- Completed reload, in  2.117 seconds
Platform modules already initialized, skipping
Switching build target platform(19) subTarget(0) extendedPlatform(0) -> platform(13) subTarget(537395200) extendedPlatform(0)
Refreshing native plugins compatible for Editor in 0.33 ms, found 2 plugins.
Preloading 0 native plugins for Editor in 0.00 ms.
Unloading 1384 Unused Serialized files (Serialized files now loaded: 0)
System memory in use before: 83.7 MB.
System memory in use after: 83.9 MB.

Unloading 284 unused Assets to reduce memory usage. Loaded Objects now: 2506.
Total: 2.804400 ms (FindLiveObjects: 0.318000 ms CreateObjectMapping: 0.056200 ms MarkObjects: 2.252400 ms  DeleteObjects: 0.176100 ms)

AssetImportParameters requested are different than current active one (requested -> active):
  custom:graphics/normal-map-encoding: 01000000000000000000000000000000 -> 02000000000000000000000000000000
AssetImportWorkerClient::OnTransportError - code=2 error=End of file
